#
# There is insufficient memory for the Java Runtime Environment to continue.
# Native memory allocation (mmap) failed to map 134217728 bytes for G1 virtual space
# Possible reasons:
#   The system is out of physical RAM or swap space
#   The process is running with CompressedOops enabled, and the Java Heap may be blocking the growth of the native heap
# Possible solutions:
#   Reduce memory load on the system
#   Increase physical memory or swap space
#   Check if swap backing store is full
#   Decrease Java heap size (-Xmx/-Xms)
#   Decrease number of Java threads
#   Decrease Java thread stack sizes (-Xss)
#   Set larger code cache with -XX:ReservedCodeCacheSize=
#   JVM is running with Unscaled Compressed Oops mode in which the Java heap is
#     placed in the first 4GB address space. The Java Heap base address is the
#     maximum limit for the native heap growth. Please use -XX:HeapBaseMinAddress
#     to set the Java Heap base and to place the Java Heap above 4GB virtual address.
# This output file may be truncated or incomplete.
#
#  Out of Memory Error (os_windows.cpp:3548), pid=5128, tid=8120
#
# JRE version:  (17.0.5+8) (build )
# Java VM: OpenJDK 64-Bit Server VM (17.0.5+8, mixed mode, sharing, tiered, compressed oops, compressed class ptrs, g1 gc, windows-amd64)
# No core dump will be written. Minidumps are not enabled by default on client versions of Windows
#

---------------  S U M M A R Y ------------

Command Line: -ea -Dfile.encoding=UTF-8 -XX:+ShowCodeDetailsInExceptionMessages org.testng.remote.RemoteTestNG -serport 54727 -protocol json -d C:\Users\karthickk\git\Acix_Automation\test-output C:\Users\KARTHI~1\AppData\Local\Temp\testng-eclipse--893143474\testng-customsuite.xml

Host: Intel(R) Core(TM) i5-8265U CPU @ 1.60GHz, 8 cores, 7G,  Windows 10 , 64 bit Build 19041 (10.0.19041.3636)
Time: Mon Jul  1 13:59:18 2024 India Standard Time elapsed time: 0.027415 seconds (0d 0h 0m 0s)

---------------  T H R E A D  ---------------

Current thread (0x000001ea96a969c0):  JavaThread "Unknown thread" [_thread_in_vm, id=8120, stack(0x0000001958300000,0x0000001958400000)]

Stack: [0x0000001958300000,0x0000001958400000]
Native frames: (J=compiled Java code, j=interpreted, Vv=VM code, C=native code)
V  [jvm.dll+0x676b3a]
V  [jvm.dll+0x831444]
V  [jvm.dll+0x832bee]
V  [jvm.dll+0x833253]
V  [jvm.dll+0x244ce5]
V  [jvm.dll+0x673a49]
V  [jvm.dll+0x66811a]
V  [jvm.dll+0x303ceb]
V  [jvm.dll+0x30b1e6]
V  [jvm.dll+0x35adbe]
V  [jvm.dll+0x35afef]
V  [jvm.dll+0x2dab88]
V  [jvm.dll+0x2dbaf4]
V  [jvm.dll+0x803121]
V  [jvm.dll+0x368bb1]
V  [jvm.dll+0x7e265c]
V  [jvm.dll+0x3eb17f]
V  [jvm.dll+0x3eccc1]
C  [jli.dll+0x5267]
C  [ucrtbase.dll+0x21bb2]
C  [KERNEL32.DLL+0x17344]
C  [ntdll.dll+0x4cc91]


---------------  P R O C E S S  ---------------

Threads class SMR info:
_java_thread_list=0x00007ffef3872f18, length=0, elements={
}

Java Threads: ( => current thread )

Other Threads:
  0x000001ea96af1d30 GCTaskThread "GC Thread#0" [stack: 0x0000001958400000,0x0000001958500000] [id=12384]
  0x000001ea96b03050 ConcurrentGCThread "G1 Main Marker" [stack: 0x0000001958500000,0x0000001958600000] [id=18344]
  0x000001ea96b03a60 ConcurrentGCThread "G1 Conc#0" [stack: 0x0000001958600000,0x0000001958700000] [id=6876]

[error occurred during error reporting (printing all threads), id 0xc0000005, EXCEPTION_ACCESS_VIOLATION (0xc0000005) at pc=0x00007ffef304b617]

VM state: not at safepoint (not fully initialized)

VM Mutex/Monitor currently owned by a thread:  ([mutex/lock_event])
[0x000001ea96a91420] Heap_lock - owner thread: 0x000001ea96a969c0

Heap address: 0x0000000081e00000, size: 2018 MB, Compressed Oops mode: 32-bit

CDS archive(s) mapped at: [0x0000000000000000-0x0000000000000000-0x0000000000000000), size 0, SharedBaseAddress: 0x0000000800000000, ArchiveRelocationMode: 0.
Narrow klass base: 0x0000000000000000, Narrow klass shift: 0, Narrow klass range: 0x0

GC Precious Log:
<Empty>

Heap:
 garbage-first heap   total 0K, used 0K [0x0000000081e00000, 0x0000000100000000)
  region size 1024K, 0 young (0K), 0 survivors (0K)

[error occurred during error reporting (printing heap information), id 0xc0000005, EXCEPTION_ACCESS_VIOLATION (0xc0000005) at pc=0x00007ffef342fcb9]

GC Heap History (0 events):
No events

Dll operation events (1 events):
Event: 0.014 Loaded shared library C:\Users\karthickk\.p2\pool\plugins\org.eclipse.justj.openjdk.hotspot.jre.full.win32.x86_64_17.0.5.v20221102-0933\jre\bin\java.dll

Deoptimization events (0 events):
No events

Classes unloaded (0 events):
No events

Classes redefined (0 events):
No events

Internal exceptions (0 events):
No events

VM Operations (0 events):
No events

Events (0 events):
No events


Dynamic libraries:
0x00007ff6f2270000 - 0x00007ff6f227e000 	C:\Users\karthickk\.p2\pool\plugins\org.eclipse.justj.openjdk.hotspot.jre.full.win32.x86_64_17.0.5.v20221102-0933\jre\bin\javaw.exe
0x00007fff545f0000 - 0x00007fff547e8000 	C:\WINDOWS\SYSTEM32\ntdll.dll
0x00007fff53fc0000 - 0x00007fff5407d000 	C:\WINDOWS\System32\KERNEL32.DLL
0x00007fff52030000 - 0x00007fff52326000 	C:\WINDOWS\System32\KERNELBASE.dll
0x00007fff51f30000 - 0x00007fff52030000 	C:\WINDOWS\System32\ucrtbase.dll
0x00007fff46290000 - 0x00007fff462a9000 	C:\Users\karthickk\.p2\pool\plugins\org.eclipse.justj.openjdk.hotspot.jre.full.win32.x86_64_17.0.5.v20221102-0933\jre\bin\VCRUNTIME140.dll
0x00007fff46270000 - 0x00007fff46287000 	C:\Users\karthickk\.p2\pool\plugins\org.eclipse.justj.openjdk.hotspot.jre.full.win32.x86_64_17.0.5.v20221102-0933\jre\bin\jli.dll
0x00007fff54200000 - 0x00007fff5439f000 	C:\WINDOWS\System32\USER32.dll
0x00007fff523e0000 - 0x00007fff52402000 	C:\WINDOWS\System32\win32u.dll
0x00007fff53f30000 - 0x00007fff53f5b000 	C:\WINDOWS\System32\GDI32.dll
0x00007fff51cb0000 - 0x00007fff51dc7000 	C:\WINDOWS\System32\gdi32full.dll
0x00007fff435c0000 - 0x00007fff4385a000 	C:\WINDOWS\WinSxS\amd64_microsoft.windows.common-controls_6595b64144ccf1df_6.0.19041.4355_none_60b8b9eb71f62e16\COMCTL32.dll
0x00007fff52590000 - 0x00007fff5262d000 	C:\WINDOWS\System32\msvcp_win.dll
0x00007fff52890000 - 0x00007fff5292e000 	C:\WINDOWS\System32\msvcrt.dll
0x00007fff541b0000 - 0x00007fff541df000 	C:\WINDOWS\System32\IMM32.DLL
0x00007fff47460000 - 0x00007fff4746c000 	C:\Users\karthickk\.p2\pool\plugins\org.eclipse.justj.openjdk.hotspot.jre.full.win32.x86_64_17.0.5.v20221102-0933\jre\bin\vcruntime140_1.dll
0x00007fff2ea40000 - 0x00007fff2ead1000 	C:\Users\karthickk\.p2\pool\plugins\org.eclipse.justj.openjdk.hotspot.jre.full.win32.x86_64_17.0.5.v20221102-0933\jre\bin\msvcp140.dll
0x00007ffef2d60000 - 0x00007ffef39a4000 	C:\Users\karthickk\.p2\pool\plugins\org.eclipse.justj.openjdk.hotspot.jre.full.win32.x86_64_17.0.5.v20221102-0933\jre\bin\server\jvm.dll
0x00007fff52930000 - 0x00007fff529e0000 	C:\WINDOWS\System32\ADVAPI32.dll
0x00007fff52630000 - 0x00007fff526d0000 	C:\WINDOWS\System32\sechost.dll
0x00007fff52a60000 - 0x00007fff52b83000 	C:\WINDOWS\System32\RPCRT4.dll
0x00007fff52560000 - 0x00007fff52587000 	C:\WINDOWS\System32\bcrypt.dll
0x00007fff2eae0000 - 0x00007fff2eae9000 	C:\WINDOWS\SYSTEM32\WSOCK32.dll
0x00007fff53e00000 - 0x00007fff53e6b000 	C:\WINDOWS\System32\WS2_32.dll
0x00007fff3d080000 - 0x00007fff3d0a7000 	C:\WINDOWS\SYSTEM32\WINMM.dll
0x00007fff4c6e0000 - 0x00007fff4c6ea000 	C:\WINDOWS\SYSTEM32\VERSION.dll
0x00007fff502a0000 - 0x00007fff502b2000 	C:\WINDOWS\SYSTEM32\kernel.appcore.dll
0x00007fff4d490000 - 0x00007fff4d49a000 	C:\Users\karthickk\.p2\pool\plugins\org.eclipse.justj.openjdk.hotspot.jre.full.win32.x86_64_17.0.5.v20221102-0933\jre\bin\jimage.dll
0x00007fff4f7f0000 - 0x00007fff4f9d4000 	C:\WINDOWS\SYSTEM32\DBGHELP.DLL
0x00007fff37af0000 - 0x00007fff37b24000 	C:\WINDOWS\SYSTEM32\dbgcore.DLL
0x00007fff52460000 - 0x00007fff524e2000 	C:\WINDOWS\System32\bcryptPrimitives.dll
0x00007fff473e0000 - 0x00007fff47405000 	C:\Users\karthickk\.p2\pool\plugins\org.eclipse.justj.openjdk.hotspot.jre.full.win32.x86_64_17.0.5.v20221102-0933\jre\bin\java.dll

dbghelp: loaded successfully - version: 4.0.5 - missing functions: none
symbol engine: initialized successfully - sym options: 0x614 - pdb path: .;C:\Users\karthickk\.p2\pool\plugins\org.eclipse.justj.openjdk.hotspot.jre.full.win32.x86_64_17.0.5.v20221102-0933\jre\bin;C:\WINDOWS\SYSTEM32;C:\WINDOWS\WinSxS\amd64_microsoft.windows.common-controls_6595b64144ccf1df_6.0.19041.4355_none_60b8b9eb71f62e16;C:\Users\karthickk\.p2\pool\plugins\org.eclipse.justj.openjdk.hotspot.jre.full.win32.x86_64_17.0.5.v20221102-0933\jre\bin\server

VM Arguments:
jvm_args: -ea -Dfile.encoding=UTF-8 -XX:+ShowCodeDetailsInExceptionMessages 
java_command: org.testng.remote.RemoteTestNG -serport 54727 -protocol json -d C:\Users\karthickk\git\Acix_Automation\test-output C:\Users\KARTHI~1\AppData\Local\Temp\testng-eclipse--893143474\testng-customsuite.xml
java_class_path (initial): C:\Users\karthickk\eclipse\jee-2022-12\eclipse\configuration\org.eclipse.osgi\922\0\.cp\lib\testng-remote.jar;C:\Users\karthickk\git\Acix_Automation\target\test-classes;C:\Users\karthickk\git\Acix_Automation\target\classes;C:\Users\karthickk\.m2\repository\commons-io\commons-io\2.6\commons-io-2.6.jar;C:\Users\karthickk\.m2\repository\com\aventstack\extentreports\4.1.4\extentreports-4.1.4.jar;C:\Users\karthickk\.m2\repository\org\freemarker\freemarker\2.3.29\freemarker-2.3.29.jar;C:\Users\karthickk\.m2\repository\org\apache\httpcomponents\httpclient\4.5.2\httpclient-4.5.2.jar;C:\Users\karthickk\.m2\repository\org\apache\httpcomponents\httpcore\4.4.4\httpcore-4.4.4.jar;C:\Users\karthickk\.m2\repository\commons-logging\commons-logging\1.2\commons-logging-1.2.jar;C:\Users\karthickk\.m2\repository\org\apache\httpcomponents\httpmime\4.5.2\httpmime-4.5.2.jar;C:\Users\karthickk\.m2\repository\com\google\code\gson\gson\2.8.6\gson-2.8.6.jar;C:\Users\karthickk\.m2\repository\org\mongodb\mongodb-driver\3.12.0\mongodb-driver-3.12.0.jar;C:\Users\karthickk\.m2\repository\org\mongodb\mongodb-driver-core\3.12.0\mongodb-driver-core-3.12.0.jar;C:\Users\karthickk\.m2\repository\org\mongodb\bson\3.12.0\bson-3.12.0.jar;C:\Users\karthickk\.m2\repository\org\testng\testng\7.3.0\testng-7.3.0.jar;C:\Users\karthickk\.m2\repository\com\beust\jcommander\1.78\jcommander-1.78.jar;C:\Users\karthickk\.m2\repository\org\apache\ant\ant\1.10.3\ant-1.10.3.jar;C:\Users\karthickk\.m2\repository\org\apache\ant\ant-launcher\1.10.3\ant-launcher-1.10.3.jar;C:\Users\karthickk\.m2\repository\junit\junit\4.12\junit-4.12.jar;C:\Users\karthickk\.m2\repository\org\hamcrest\hamcrest-core\1.3\hamcrest-core-1.3.jar;C:\Users\karthickk\.m2\repository\com\google\inject\guice\4.2.2\guice-4.2.2-no_aop.jar;C:\Users\karthickk\.m2\repository\javax\inject\javax.inject\1\javax.inject-1.jar;C:\Users\karthickk\.m2\repository\aopalliance\aopalliance\1.0\aopalliance-1.0.jar;C:\Users\karthickk\.m2\repos
Launcher Type: SUN_STANDARD

[Global flags]
     intx CICompilerCount                          = 4                                         {product} {ergonomic}
     uint ConcGCThreads                            = 2                                         {product} {ergonomic}
     uint G1ConcRefinementThreads                  = 8                                         {product} {ergonomic}
   size_t G1HeapRegionSize                         = 1048576                                   {product} {ergonomic}
    uintx GCDrainStackTargetSize                   = 64                                        {product} {ergonomic}
   size_t InitialHeapSize                          = 134217728                                 {product} {ergonomic}
   size_t MarkStackSize                            = 4194304                                   {product} {ergonomic}
   size_t MaxHeapSize                              = 2116026368                                {product} {ergonomic}
   size_t MinHeapDeltaBytes                        = 1048576                                   {product} {ergonomic}
   size_t MinHeapSize                              = 8388608                                   {product} {ergonomic}
    uintx NonNMethodCodeHeapSize                   = 5839372                                {pd product} {ergonomic}
    uintx NonProfiledCodeHeapSize                  = 122909434                              {pd product} {ergonomic}
    uintx ProfiledCodeHeapSize                     = 122909434                              {pd product} {ergonomic}
    uintx ReservedCodeCacheSize                    = 251658240                              {pd product} {ergonomic}
     bool SegmentedCodeCache                       = true                                      {product} {ergonomic}
     bool ShowCodeDetailsInExceptionMessages       = true                                   {manageable} {command line}
   size_t SoftMaxHeapSize                          = 2116026368                             {manageable} {ergonomic}
     bool UseCompressedClassPointers               = true                           {product lp64_product} {ergonomic}
     bool UseCompressedOops                        = true                           {product lp64_product} {ergonomic}
     bool UseG1GC                                  = true                                      {product} {ergonomic}
     bool UseLargePagesIndividualAllocation        = false                                  {pd product} {ergonomic}

Logging:
Log output configuration:
 #0: stdout all=warning uptime,level,tags
 #1: stderr all=off uptime,level,tags

Environment Variables:
PATH=C:/Users/karthickk/.p2/pool/plugins/org.eclipse.justj.openjdk.hotspot.jre.full.win32.x86_64_17.0.5.v20221102-0933/jre/bin/server;C:/Users/karthickk/.p2/pool/plugins/org.eclipse.justj.openjdk.hotspot.jre.full.win32.x86_64_17.0.5.v20221102-0933/jre/bin;C:\Program Files\Common Files\Oracle\Java\javapath;C:\WINDOWS\system32;C:\WINDOWS;C:\WINDOWS\System32\Wbem;C:\WINDOWS\System32\WindowsPowerShell\v1.0\;C:\WINDOWS\System32\OpenSSH\;C:\Program Files (x86)\Intel\Intel(R) Management Engine Components\DAL;C:\Program Files\Intel\Intel(R) Management Engine Components\DAL;C:\Program Files\Intel\WiFi\bin\;C:\Program Files\Common Files\Intel\WirelessCommon\;C:\Users\karthickk\AppData\Local\Microsoft\WindowsApps;C:\Users\karthickk\AppData\Local\Programs\Git\cmd;C:\Users\karthickk\AppData\Local\Programs\Microsoft VS Code\bin;C:\Users\karthickk\Desktop;
USERNAME=karthickk
OS=Windows_NT
PROCESSOR_IDENTIFIER=Intel64 Family 6 Model 142 Stepping 12, GenuineIntel
TMP=C:\Users\KARTHI~1\AppData\Local\Temp
TEMP=C:\Users\KARTHI~1\AppData\Local\Temp



---------------  S Y S T E M  ---------------

OS:
 Windows 10 , 64 bit Build 19041 (10.0.19041.3636)
OS uptime: 4 days 5:43 hours

CPU: total 8 (initial active 8) (4 cores per cpu, 2 threads per core) family 6 model 142 stepping 12 microcode 0xf8, cx8, cmov, fxsr, ht, mmx, 3dnowpref, sse, sse2, sse3, ssse3, sse4.1, sse4.2, popcnt, lzcnt, tsc, tscinvbit, avx, avx2, aes, erms, clmul, bmi1, bmi2, adx, fma, vzeroupper, clflush, clflushopt

Memory: 4k page, system-wide physical 8067M (518M free)
TotalPageFile size 22390M (AvailPageFile size 106M)
current process WorkingSet (physical memory assigned to process): 11M, peak: 11M
current process commit charge ("private bytes"): 60M, peak: 188M

vm_info: OpenJDK 64-Bit Server VM (17.0.5+8) for windows-amd64 JRE (17.0.5+8), built on Oct 19 2022 04:48:13 by "temurin" with MS VC++ 16.7 (VS2019)

END.
