#
# There is insufficient memory for the Java Runtime Environment to continue.
# Native memory allocation (mmap) failed to map 65536 bytes for Failed to commit metaspace.
# Possible reasons:
#   The system is out of physical RAM or swap space
#   The process is running with CompressedOops enabled, and the Java Heap may be blocking the growth of the native heap
# Possible solutions:
#   Reduce memory load on the system
#   Increase physical memory or swap space
#   Check if swap backing store is full
#   Decrease Java heap size (-Xmx/-Xms)
#   Decrease number of Java threads
#   Decrease Java thread stack sizes (-Xss)
#   Set larger code cache with -XX:ReservedCodeCacheSize=
#   JVM is running with Unscaled Compressed Oops mode in which the Java heap is
#     placed in the first 4GB address space. The Java Heap base address is the
#     maximum limit for the native heap growth. Please use -XX:HeapBaseMinAddress
#     to set the Java Heap base and to place the Java Heap above 4GB virtual address.
# This output file may be truncated or incomplete.
#
#  Out of Memory Error (virtualSpaceNode.cpp:110), pid=16316, tid=6188
#
# JRE version: OpenJDK Runtime Environment Temurin-17.0.5+8 (17.0.5+8) (build 17.0.5+8)
# Java VM: OpenJDK 64-Bit Server VM Temurin-17.0.5+8 (17.0.5+8, mixed mode, tiered, compressed oops, compressed class ptrs, g1 gc, windows-amd64)
# No core dump will be written. Minidumps are not enabled by default on client versions of Windows
#

---------------  S U M M A R Y ------------

Command Line: -ea -Dfile.encoding=UTF-8 -XX:+ShowCodeDetailsInExceptionMessages org.testng.remote.RemoteTestNG -serport 55897 -protocol json -d C:\Users\karthickk\git\Acix_Automation\test-output C:\Users\KARTHI~1\AppData\Local\Temp\testng-eclipse--625388888\testng-customsuite.xml

Host: Intel(R) Core(TM) i5-8265U CPU @ 1.60GHz, 8 cores, 7G,  Windows 10 , 64 bit Build 19041 (10.0.19041.3636)
Time: Mon Jul  1 13:58:52 2024 India Standard Time elapsed time: 0.989769 seconds (0d 0h 0m 0s)

---------------  T H R E A D  ---------------

Current thread (0x000001ef7b7a76b0):  JavaThread "main" [_thread_in_vm, id=6188, stack(0x0000002a84300000,0x0000002a84400000)]

Stack: [0x0000002a84300000,0x0000002a84400000]
Native frames: (J=compiled Java code, j=interpreted, Vv=VM code, C=native code)
V  [jvm.dll+0x676b3a]
V  [jvm.dll+0x831444]
V  [jvm.dll+0x832bee]
V  [jvm.dll+0x833253]
V  [jvm.dll+0x244ce5]
V  [jvm.dll+0x82d4db]
V  [jvm.dll+0x61b2f6]
V  [jvm.dll+0x1bfd2e]
V  [jvm.dll+0x61dc41]
V  [jvm.dll+0x61bc96]
V  [jvm.dll+0x36ace2]
V  [jvm.dll+0x1e165b]
V  [jvm.dll+0x53be59]
V  [jvm.dll+0x7ac72d]
V  [jvm.dll+0x7ac68a]
V  [jvm.dll+0x40c0c4]
V  [jvm.dll+0x41f8db]
C  [java.dll+0x1657]

Java frames: (J=compiled Java code, j=interpreted, Vv=VM code)
j  java.lang.ClassLoader.defineClass0(Ljava/lang/ClassLoader;Ljava/lang/Class;Ljava/lang/String;[BIILjava/security/ProtectionDomain;ZILjava/lang/Object;)Ljava/lang/Class;+0 java.base@17.0.5
j  java.lang.System$2.defineClass(Ljava/lang/ClassLoader;Ljava/lang/Class;Ljava/lang/String;[BLjava/security/ProtectionDomain;ZILjava/lang/Object;)Ljava/lang/Class;+17 java.base@17.0.5
j  java.lang.invoke.MethodHandles$Lookup$ClassDefiner.defineClass(ZLjava/lang/Object;)Ljava/lang/Class;+54 java.base@17.0.5
j  java.lang.invoke.InvokerBytecodeGenerator.loadMethod([B)Ljava/lang/invoke/MemberName;+16 java.base@17.0.5
j  java.lang.invoke.InvokerBytecodeGenerator.generateCustomizedCode(Ljava/lang/invoke/LambdaForm;Ljava/lang/invoke/MethodType;)Ljava/lang/invoke/MemberName;+30 java.base@17.0.5
j  java.lang.invoke.LambdaForm.compileToBytecode()V+69 java.base@17.0.5
j  java.lang.invoke.DirectMethodHandle.makePreparedLambdaForm(Ljava/lang/invoke/MethodType;I)Ljava/lang/invoke/LambdaForm;+792 java.base@17.0.5
j  java.lang.invoke.DirectMethodHandle.preparedLambdaForm(Ljava/lang/invoke/MethodType;I)Ljava/lang/invoke/LambdaForm;+17 java.base@17.0.5
j  java.lang.invoke.DirectMethodHandle.preparedLambdaForm(Ljava/lang/invoke/MemberName;Z)Ljava/lang/invoke/LambdaForm;+139 java.base@17.0.5
j  java.lang.invoke.DirectMethodHandle.preparedLambdaForm(Ljava/lang/invoke/MemberName;)Ljava/lang/invoke/LambdaForm;+2 java.base@17.0.5
j  java.lang.invoke.DirectMethodHandle.make(BLjava/lang/Class;Ljava/lang/invoke/MemberName;Ljava/lang/Class;)Ljava/lang/invoke/DirectMethodHandle;+163 java.base@17.0.5
j  java.lang.invoke.MethodHandles$Lookup.getDirectMethodCommon(BLjava/lang/Class;Ljava/lang/invoke/MemberName;ZZLjava/lang/invoke/MethodHandles$Lookup;)Ljava/lang/invoke/MethodHandle;+210 java.base@17.0.5
j  java.lang.invoke.MethodHandles$Lookup.getDirectMethodNoSecurityManager(BLjava/lang/Class;Ljava/lang/invoke/MemberName;Ljava/lang/invoke/MethodHandles$Lookup;)Ljava/lang/invoke/MethodHandle;+14 java.base@17.0.5
j  java.lang.invoke.MethodHandles$Lookup.getDirectMethodForConstant(BLjava/lang/Class;Ljava/lang/invoke/MemberName;)Ljava/lang/invoke/MethodHandle;+31 java.base@17.0.5
j  java.lang.invoke.MethodHandles$Lookup.linkMethodHandleConstant(BLjava/lang/Class;Ljava/lang/String;Ljava/lang/Object;)Ljava/lang/invoke/MethodHandle;+153 java.base@17.0.5
j  java.lang.invoke.MethodHandleNatives.linkMethodHandleConstant(Ljava/lang/Class;ILjava/lang/Class;Ljava/lang/String;Ljava/lang/Object;)Ljava/lang/invoke/MethodHandle;+38 java.base@17.0.5
v  ~StubRoutines::call_stub
j  sun.security.provider.AbstractDrbg.<clinit>()V+12 java.base@17.0.5
v  ~StubRoutines::call_stub
j  sun.security.provider.DRBG.createImpl()V+125 java.base@17.0.5
j  sun.security.provider.DRBG.<init>(Ljava/security/SecureRandomParameters;)V+843 java.base@17.0.5
v  ~StubRoutines::call_stub
j  jdk.internal.reflect.NativeConstructorAccessorImpl.newInstance0(Ljava/lang/reflect/Constructor;[Ljava/lang/Object;)Ljava/lang/Object;+0 java.base@17.0.5
j  jdk.internal.reflect.NativeConstructorAccessorImpl.newInstance([Ljava/lang/Object;)Ljava/lang/Object;+118 java.base@17.0.5
j  jdk.internal.reflect.DelegatingConstructorAccessorImpl.newInstance([Ljava/lang/Object;)Ljava/lang/Object;+5 java.base@17.0.5
j  java.lang.reflect.Constructor.newInstanceWithCaller([Ljava/lang/Object;ZLjava/lang/Class;)Ljava/lang/Object;+65 java.base@17.0.5
j  java.lang.reflect.Constructor.newInstance([Ljava/lang/Object;)Ljava/lang/Object;+30 java.base@17.0.5
j  java.security.Provider$Service.newInstanceUtil(Ljava/lang/Class;Ljava/lang/Object;)Ljava/lang/Object;+34 java.base@17.0.5
j  java.security.Provider$Service.newInstance(Ljava/lang/Object;)Ljava/lang/Object;+227 java.base@17.0.5
j  java.security.SecureRandom.getDefaultPRNG(Z[B)V+125 java.base@17.0.5
j  java.security.SecureRandom.<init>()V+23 java.base@17.0.5
j  java.util.UUID$Holder.<clinit>()V+4 java.base@17.0.5
v  ~StubRoutines::call_stub
j  java.util.UUID.randomUUID()Ljava/util/UUID;+0 java.base@17.0.5
j  org.testng.xml.XmlTest.init(Lorg/testng/xml/XmlSuite;I)V+37
j  org.testng.xml.XmlTest.<init>(Lorg/testng/xml/XmlSuite;I)V+85
j  org.testng.xml.TestNGContentHandler.xmlTest(ZLorg/xml/sax/Attributes;)V+24
j  org.testng.xml.TestNGContentHandler.startElement(Ljava/lang/String;Ljava/lang/String;Ljava/lang/String;Lorg/xml/sax/Attributes;)V+107
j  com.sun.org.apache.xerces.internal.parsers.AbstractSAXParser.startElement(Lcom/sun/org/apache/xerces/internal/xni/QName;Lcom/sun/org/apache/xerces/internal/xni/XMLAttributes;Lcom/sun/org/apache/xerces/internal/xni/Augmentations;)V+297 java.xml@17.0.5
j  com.sun.org.apache.xerces.internal.impl.dtd.XMLDTDValidator.startElement(Lcom/sun/org/apache/xerces/internal/xni/QName;Lcom/sun/org/apache/xerces/internal/xni/XMLAttributes;Lcom/sun/org/apache/xerces/internal/xni/Augmentations;)V+22 java.xml@17.0.5
j  com.sun.org.apache.xerces.internal.impl.XMLDocumentFragmentScannerImpl.scanStartElement()Z+439 java.xml@17.0.5
j  com.sun.org.apache.xerces.internal.impl.XMLDocumentFragmentScannerImpl$FragmentContentDriver.next()I+427 java.xml@17.0.5
j  com.sun.org.apache.xerces.internal.impl.XMLDocumentScannerImpl.next()I+4 java.xml@17.0.5
j  com.sun.org.apache.xerces.internal.impl.XMLDocumentFragmentScannerImpl.scanDocument(Z)Z+312 java.xml@17.0.5
j  com.sun.org.apache.xerces.internal.parsers.XML11Configuration.parse(Z)Z+121 java.xml@17.0.5
j  com.sun.org.apache.xerces.internal.parsers.XML11Configuration.parse(Lcom/sun/org/apache/xerces/internal/xni/parser/XMLInputSource;)V+30 java.xml@17.0.5
j  com.sun.org.apache.xerces.internal.parsers.XMLParser.parse(Lcom/sun/org/apache/xerces/internal/xni/parser/XMLInputSource;)V+76 java.xml@17.0.5
j  com.sun.org.apache.xerces.internal.parsers.AbstractSAXParser.parse(Lorg/xml/sax/InputSource;)V+44 java.xml@17.0.5
j  com.sun.org.apache.xerces.internal.jaxp.SAXParserImpl$JAXPSAXParser.parse(Lorg/xml/sax/InputSource;)V+53 java.xml@17.0.5
j  com.sun.org.apache.xerces.internal.jaxp.SAXParserImpl.parse(Lorg/xml/sax/InputSource;Lorg/xml/sax/helpers/DefaultHandler;)V+61 java.xml@17.0.5
j  javax.xml.parsers.SAXParser.parse(Ljava/io/InputStream;Lorg/xml/sax/helpers/DefaultHandler;)V+26 java.xml@17.0.5
j  org.testng.xml.XMLParser.parse(Ljava/io/InputStream;Lorg/xml/sax/helpers/DefaultHandler;)V+11
j  org.testng.xml.SuiteXmlParser.parse(Ljava/lang/String;Ljava/io/InputStream;Z)Lorg/testng/xml/XmlSuite;+15
j  org.testng.xml.SuiteXmlParser.parse(Ljava/lang/String;Ljava/io/InputStream;Z)Ljava/lang/Object;+4
j  org.testng.xml.Parser.parse()Ljava/util/Collection;+234
j  org.testng.xml.Parser.parse(Ljava/lang/String;Lorg/testng/xml/IPostProcessor;)Ljava/util/Collection;+5
j  org.testng.TestNG.parseSuite(Ljava/lang/String;)V+44
j  org.testng.TestNG.initializeSuitesAndJarFile()V+61
j  org.testng.TestNG.initializeEverything()V+9
j  org.testng.remote.support.RemoteTestNG6_12.initialize()V+1
j  org.testng.remote.AbstractRemoteTestNG.run()V+27
j  org.testng.remote.RemoteTestNG.initAndRun(Lorg/testng/remote/IRemoteTestNG;[Ljava/lang/String;Lorg/testng/CommandLineArgs;Lorg/testng/remote/RemoteArgs;)V+184
j  org.testng.remote.RemoteTestNG.main([Ljava/lang/String;)V+201
v  ~StubRoutines::call_stub

---------------  P R O C E S S  ---------------

Threads class SMR info:
_java_thread_list=0x000001ef16a31460, length=14, elements={
0x000001ef7b7a76b0, 0x000001ef1575fc40, 0x000001ef15760870, 0x000001ef1576f420,
0x000001ef1576fce0, 0x000001ef15770690, 0x000001ef15776550, 0x000001ef16051010,
0x000001ef160529d0, 0x000001ef160642b0, 0x000001ef161ae260, 0x000001ef161ca860,
0x000001ef16a670c0, 0x000001ef16cf7220
}

Java Threads: ( => current thread )
=>0x000001ef7b7a76b0 JavaThread "main" [_thread_in_vm, id=6188, stack(0x0000002a84300000,0x0000002a84400000)]
  0x000001ef1575fc40 JavaThread "Reference Handler" daemon [_thread_blocked, id=20928, stack(0x0000002a84a00000,0x0000002a84b00000)]
  0x000001ef15760870 JavaThread "Finalizer" daemon [_thread_blocked, id=23216, stack(0x0000002a84b00000,0x0000002a84c00000)]
  0x000001ef1576f420 JavaThread "Signal Dispatcher" daemon [_thread_blocked, id=18392, stack(0x0000002a84c00000,0x0000002a84d00000)]
  0x000001ef1576fce0 JavaThread "Attach Listener" daemon [_thread_blocked, id=7220, stack(0x0000002a84d00000,0x0000002a84e00000)]
  0x000001ef15770690 JavaThread "Service Thread" daemon [_thread_blocked, id=11560, stack(0x0000002a84e00000,0x0000002a84f00000)]
  0x000001ef15776550 JavaThread "Monitor Deflation Thread" daemon [_thread_blocked, id=15760, stack(0x0000002a84f00000,0x0000002a85000000)]
  0x000001ef16051010 JavaThread "C2 CompilerThread0" daemon [_thread_blocked, id=24112, stack(0x0000002a85000000,0x0000002a85100000)]
  0x000001ef160529d0 JavaThread "C1 CompilerThread0" daemon [_thread_blocked, id=10068, stack(0x0000002a85100000,0x0000002a85200000)]
  0x000001ef160642b0 JavaThread "Sweeper thread" daemon [_thread_blocked, id=21140, stack(0x0000002a85200000,0x0000002a85300000)]
  0x000001ef161ae260 JavaThread "Notification Thread" daemon [_thread_blocked, id=312, stack(0x0000002a85300000,0x0000002a85400000)]
  0x000001ef161ca860 JavaThread "Common-Cleaner" daemon [_thread_blocked, id=7768, stack(0x0000002a85500000,0x0000002a85600000)]
  0x000001ef16a670c0 JavaThread "C2 CompilerThread1" daemon [_thread_blocked, id=22684, stack(0x0000002a85600000,0x0000002a85700000)]
  0x000001ef16cf7220 JavaThread "ReaderThread" [_thread_in_native, id=19724, stack(0x0000002a85800000,0x0000002a85900000)]

Other Threads:
  0x000001ef16013d00 VMThread "VM Thread" [stack: 0x0000002a84900000,0x0000002a84a00000] [id=7692]
  0x000001ef7b81d6d0 WatcherThread [stack: 0x0000002a85400000,0x0000002a85500000] [id=20644]
  0x000001ef7b800b30 GCTaskThread "GC Thread#0" [stack: 0x0000002a84400000,0x0000002a84500000] [id=11664]
  0x000001ef7b811e50 ConcurrentGCThread "G1 Main Marker" [stack: 0x0000002a84500000,0x0000002a84600000] [id=25428]
  0x000001ef7b812860 ConcurrentGCThread "G1 Conc#0" [stack: 0x0000002a84600000,0x0000002a84700000] [id=15284]
  0x000001ef7b85c780 ConcurrentGCThread "G1 Refine#0" [stack: 0x0000002a84700000,0x0000002a84800000] [id=22616]
  0x000001ef155c2230 ConcurrentGCThread "G1 Service" [stack: 0x0000002a84800000,0x0000002a84900000] [id=900]

Threads with active compile tasks:

VM state: not at safepoint (normal execution)

VM Mutex/Monitor currently owned by a thread:  ([mutex/lock_event])
[0x000001ef7b7a0380] Metaspace_lock - owner thread: 0x000001ef7b7a76b0

Heap address: 0x0000000081e00000, size: 2018 MB, Compressed Oops mode: 32-bit

CDS archive(s) not mapped
Compressed class space mapped at: 0x0000000100000000-0x0000000140000000, reserved size: 1073741824
Narrow klass base: 0x0000000000000000, Narrow klass shift: 3, Narrow klass range: 0x140000000

GC Precious Log:
 CPUs: 8 total, 8 available
 Memory: 8067M
 Large Page Support: Disabled
 NUMA Support: Disabled
 Compressed Oops: Enabled (32-bit)
 Heap Region Size: 1M
 Heap Min Capacity: 8M
 Heap Initial Capacity: 128M
 Heap Max Capacity: 2018M
 Pre-touch: Disabled
 Parallel Workers: 8
 Concurrent Workers: 2
 Concurrent Refinement Workers: 8
 Periodic GC: Disabled

Heap:
 garbage-first heap   total 131072K, used 15360K [0x0000000081e00000, 0x0000000100000000)
  region size 1024K, 14 young (14336K), 0 survivors (0K)
 Metaspace       used 10958K, committed 11072K, reserved 1064960K
  class space    used 1020K, committed 1088K, reserved 1048576K

Heap Regions: E=young(eden), S=young(survivor), O=old, HS=humongous(starts), HC=humongous(continues), CS=collection set, F=free, OA=open archive, CA=closed archive, TAMS=top-at-mark-start (previous, next)
|   0|0x0000000081e00000, 0x0000000081f00000, 0x0000000081f00000|100%|HS|  |TAMS 0x0000000081e00000, 0x0000000081e00000| Complete 
|   1|0x0000000081f00000, 0x0000000082000000, 0x0000000082000000|100%|HS|  |TAMS 0x0000000081f00000, 0x0000000081f00000| Complete 
|   2|0x0000000082000000, 0x0000000082100000, 0x0000000082100000|100%|HS|  |TAMS 0x0000000082000000, 0x0000000082000000| Complete 
|   3|0x0000000082100000, 0x0000000082100000, 0x0000000082200000|  0%| F|  |TAMS 0x0000000082100000, 0x0000000082100000| Untracked 
|   4|0x0000000082200000, 0x0000000082200000, 0x0000000082300000|  0%| F|  |TAMS 0x0000000082200000, 0x0000000082200000| Untracked 
|   5|0x0000000082300000, 0x0000000082300000, 0x0000000082400000|  0%| F|  |TAMS 0x0000000082300000, 0x0000000082300000| Untracked 
|   6|0x0000000082400000, 0x0000000082400000, 0x0000000082500000|  0%| F|  |TAMS 0x0000000082400000, 0x0000000082400000| Untracked 
|   7|0x0000000082500000, 0x0000000082500000, 0x0000000082600000|  0%| F|  |TAMS 0x0000000082500000, 0x0000000082500000| Untracked 
|   8|0x0000000082600000, 0x0000000082600000, 0x0000000082700000|  0%| F|  |TAMS 0x0000000082600000, 0x0000000082600000| Untracked 
|   9|0x0000000082700000, 0x0000000082700000, 0x0000000082800000|  0%| F|  |TAMS 0x0000000082700000, 0x0000000082700000| Untracked 
|  10|0x0000000082800000, 0x0000000082800000, 0x0000000082900000|  0%| F|  |TAMS 0x0000000082800000, 0x0000000082800000| Untracked 
|  11|0x0000000082900000, 0x0000000082900000, 0x0000000082a00000|  0%| F|  |TAMS 0x0000000082900000, 0x0000000082900000| Untracked 
|  12|0x0000000082a00000, 0x0000000082a00000, 0x0000000082b00000|  0%| F|  |TAMS 0x0000000082a00000, 0x0000000082a00000| Untracked 
|  13|0x0000000082b00000, 0x0000000082b00000, 0x0000000082c00000|  0%| F|  |TAMS 0x0000000082b00000, 0x0000000082b00000| Untracked 
|  14|0x0000000082c00000, 0x0000000082c00000, 0x0000000082d00000|  0%| F|  |TAMS 0x0000000082c00000, 0x0000000082c00000| Untracked 
|  15|0x0000000082d00000, 0x0000000082d00000, 0x0000000082e00000|  0%| F|  |TAMS 0x0000000082d00000, 0x0000000082d00000| Untracked 
|  16|0x0000000082e00000, 0x0000000082e00000, 0x0000000082f00000|  0%| F|  |TAMS 0x0000000082e00000, 0x0000000082e00000| Untracked 
|  17|0x0000000082f00000, 0x0000000082f00000, 0x0000000083000000|  0%| F|  |TAMS 0x0000000082f00000, 0x0000000082f00000| Untracked 
|  18|0x0000000083000000, 0x0000000083000000, 0x0000000083100000|  0%| F|  |TAMS 0x0000000083000000, 0x0000000083000000| Untracked 
|  19|0x0000000083100000, 0x0000000083100000, 0x0000000083200000|  0%| F|  |TAMS 0x0000000083100000, 0x0000000083100000| Untracked 
|  20|0x0000000083200000, 0x0000000083200000, 0x0000000083300000|  0%| F|  |TAMS 0x0000000083200000, 0x0000000083200000| Untracked 
|  21|0x0000000083300000, 0x0000000083300000, 0x0000000083400000|  0%| F|  |TAMS 0x0000000083300000, 0x0000000083300000| Untracked 
|  22|0x0000000083400000, 0x0000000083400000, 0x0000000083500000|  0%| F|  |TAMS 0x0000000083400000, 0x0000000083400000| Untracked 
|  23|0x0000000083500000, 0x0000000083500000, 0x0000000083600000|  0%| F|  |TAMS 0x0000000083500000, 0x0000000083500000| Untracked 
|  24|0x0000000083600000, 0x0000000083600000, 0x0000000083700000|  0%| F|  |TAMS 0x0000000083600000, 0x0000000083600000| Untracked 
|  25|0x0000000083700000, 0x0000000083700000, 0x0000000083800000|  0%| F|  |TAMS 0x0000000083700000, 0x0000000083700000| Untracked 
|  26|0x0000000083800000, 0x0000000083800000, 0x0000000083900000|  0%| F|  |TAMS 0x0000000083800000, 0x0000000083800000| Untracked 
|  27|0x0000000083900000, 0x0000000083900000, 0x0000000083a00000|  0%| F|  |TAMS 0x0000000083900000, 0x0000000083900000| Untracked 
|  28|0x0000000083a00000, 0x0000000083a00000, 0x0000000083b00000|  0%| F|  |TAMS 0x0000000083a00000, 0x0000000083a00000| Untracked 
|  29|0x0000000083b00000, 0x0000000083b00000, 0x0000000083c00000|  0%| F|  |TAMS 0x0000000083b00000, 0x0000000083b00000| Untracked 
|  30|0x0000000083c00000, 0x0000000083c00000, 0x0000000083d00000|  0%| F|  |TAMS 0x0000000083c00000, 0x0000000083c00000| Untracked 
|  31|0x0000000083d00000, 0x0000000083d00000, 0x0000000083e00000|  0%| F|  |TAMS 0x0000000083d00000, 0x0000000083d00000| Untracked 
|  32|0x0000000083e00000, 0x0000000083e00000, 0x0000000083f00000|  0%| F|  |TAMS 0x0000000083e00000, 0x0000000083e00000| Untracked 
|  33|0x0000000083f00000, 0x0000000083f00000, 0x0000000084000000|  0%| F|  |TAMS 0x0000000083f00000, 0x0000000083f00000| Untracked 
|  34|0x0000000084000000, 0x0000000084000000, 0x0000000084100000|  0%| F|  |TAMS 0x0000000084000000, 0x0000000084000000| Untracked 
|  35|0x0000000084100000, 0x0000000084100000, 0x0000000084200000|  0%| F|  |TAMS 0x0000000084100000, 0x0000000084100000| Untracked 
|  36|0x0000000084200000, 0x0000000084200000, 0x0000000084300000|  0%| F|  |TAMS 0x0000000084200000, 0x0000000084200000| Untracked 
|  37|0x0000000084300000, 0x0000000084300000, 0x0000000084400000|  0%| F|  |TAMS 0x0000000084300000, 0x0000000084300000| Untracked 
|  38|0x0000000084400000, 0x0000000084400000, 0x0000000084500000|  0%| F|  |TAMS 0x0000000084400000, 0x0000000084400000| Untracked 
|  39|0x0000000084500000, 0x0000000084500000, 0x0000000084600000|  0%| F|  |TAMS 0x0000000084500000, 0x0000000084500000| Untracked 
|  40|0x0000000084600000, 0x0000000084600000, 0x0000000084700000|  0%| F|  |TAMS 0x0000000084600000, 0x0000000084600000| Untracked 
|  41|0x0000000084700000, 0x0000000084700000, 0x0000000084800000|  0%| F|  |TAMS 0x0000000084700000, 0x0000000084700000| Untracked 
|  42|0x0000000084800000, 0x0000000084800000, 0x0000000084900000|  0%| F|  |TAMS 0x0000000084800000, 0x0000000084800000| Untracked 
|  43|0x0000000084900000, 0x0000000084900000, 0x0000000084a00000|  0%| F|  |TAMS 0x0000000084900000, 0x0000000084900000| Untracked 
|  44|0x0000000084a00000, 0x0000000084a00000, 0x0000000084b00000|  0%| F|  |TAMS 0x0000000084a00000, 0x0000000084a00000| Untracked 
|  45|0x0000000084b00000, 0x0000000084b00000, 0x0000000084c00000|  0%| F|  |TAMS 0x0000000084b00000, 0x0000000084b00000| Untracked 
|  46|0x0000000084c00000, 0x0000000084c00000, 0x0000000084d00000|  0%| F|  |TAMS 0x0000000084c00000, 0x0000000084c00000| Untracked 
|  47|0x0000000084d00000, 0x0000000084d00000, 0x0000000084e00000|  0%| F|  |TAMS 0x0000000084d00000, 0x0000000084d00000| Untracked 
|  48|0x0000000084e00000, 0x0000000084e00000, 0x0000000084f00000|  0%| F|  |TAMS 0x0000000084e00000, 0x0000000084e00000| Untracked 
|  49|0x0000000084f00000, 0x0000000084f00000, 0x0000000085000000|  0%| F|  |TAMS 0x0000000084f00000, 0x0000000084f00000| Untracked 
|  50|0x0000000085000000, 0x0000000085000000, 0x0000000085100000|  0%| F|  |TAMS 0x0000000085000000, 0x0000000085000000| Untracked 
|  51|0x0000000085100000, 0x0000000085100000, 0x0000000085200000|  0%| F|  |TAMS 0x0000000085100000, 0x0000000085100000| Untracked 
|  52|0x0000000085200000, 0x0000000085200000, 0x0000000085300000|  0%| F|  |TAMS 0x0000000085200000, 0x0000000085200000| Untracked 
|  53|0x0000000085300000, 0x0000000085300000, 0x0000000085400000|  0%| F|  |TAMS 0x0000000085300000, 0x0000000085300000| Untracked 
|  54|0x0000000085400000, 0x0000000085400000, 0x0000000085500000|  0%| F|  |TAMS 0x0000000085400000, 0x0000000085400000| Untracked 
|  55|0x0000000085500000, 0x0000000085500000, 0x0000000085600000|  0%| F|  |TAMS 0x0000000085500000, 0x0000000085500000| Untracked 
|  56|0x0000000085600000, 0x0000000085600000, 0x0000000085700000|  0%| F|  |TAMS 0x0000000085600000, 0x0000000085600000| Untracked 
|  57|0x0000000085700000, 0x0000000085700000, 0x0000000085800000|  0%| F|  |TAMS 0x0000000085700000, 0x0000000085700000| Untracked 
|  58|0x0000000085800000, 0x0000000085800000, 0x0000000085900000|  0%| F|  |TAMS 0x0000000085800000, 0x0000000085800000| Untracked 
|  59|0x0000000085900000, 0x0000000085900000, 0x0000000085a00000|  0%| F|  |TAMS 0x0000000085900000, 0x0000000085900000| Untracked 
|  60|0x0000000085a00000, 0x0000000085a00000, 0x0000000085b00000|  0%| F|  |TAMS 0x0000000085a00000, 0x0000000085a00000| Untracked 
|  61|0x0000000085b00000, 0x0000000085b00000, 0x0000000085c00000|  0%| F|  |TAMS 0x0000000085b00000, 0x0000000085b00000| Untracked 
|  62|0x0000000085c00000, 0x0000000085c00000, 0x0000000085d00000|  0%| F|  |TAMS 0x0000000085c00000, 0x0000000085c00000| Untracked 
|  63|0x0000000085d00000, 0x0000000085d00000, 0x0000000085e00000|  0%| F|  |TAMS 0x0000000085d00000, 0x0000000085d00000| Untracked 
|  64|0x0000000085e00000, 0x0000000085e00000, 0x0000000085f00000|  0%| F|  |TAMS 0x0000000085e00000, 0x0000000085e00000| Untracked 
|  65|0x0000000085f00000, 0x0000000085f00000, 0x0000000086000000|  0%| F|  |TAMS 0x0000000085f00000, 0x0000000085f00000| Untracked 
|  66|0x0000000086000000, 0x0000000086000000, 0x0000000086100000|  0%| F|  |TAMS 0x0000000086000000, 0x0000000086000000| Untracked 
|  67|0x0000000086100000, 0x0000000086100000, 0x0000000086200000|  0%| F|  |TAMS 0x0000000086100000, 0x0000000086100000| Untracked 
|  68|0x0000000086200000, 0x0000000086200000, 0x0000000086300000|  0%| F|  |TAMS 0x0000000086200000, 0x0000000086200000| Untracked 
|  69|0x0000000086300000, 0x0000000086300000, 0x0000000086400000|  0%| F|  |TAMS 0x0000000086300000, 0x0000000086300000| Untracked 
|  70|0x0000000086400000, 0x0000000086400000, 0x0000000086500000|  0%| F|  |TAMS 0x0000000086400000, 0x0000000086400000| Untracked 
|  71|0x0000000086500000, 0x0000000086500000, 0x0000000086600000|  0%| F|  |TAMS 0x0000000086500000, 0x0000000086500000| Untracked 
|  72|0x0000000086600000, 0x0000000086600000, 0x0000000086700000|  0%| F|  |TAMS 0x0000000086600000, 0x0000000086600000| Untracked 
|  73|0x0000000086700000, 0x0000000086700000, 0x0000000086800000|  0%| F|  |TAMS 0x0000000086700000, 0x0000000086700000| Untracked 
|  74|0x0000000086800000, 0x0000000086800000, 0x0000000086900000|  0%| F|  |TAMS 0x0000000086800000, 0x0000000086800000| Untracked 
|  75|0x0000000086900000, 0x0000000086900000, 0x0000000086a00000|  0%| F|  |TAMS 0x0000000086900000, 0x0000000086900000| Untracked 
|  76|0x0000000086a00000, 0x0000000086a00000, 0x0000000086b00000|  0%| F|  |TAMS 0x0000000086a00000, 0x0000000086a00000| Untracked 
|  77|0x0000000086b00000, 0x0000000086b00000, 0x0000000086c00000|  0%| F|  |TAMS 0x0000000086b00000, 0x0000000086b00000| Untracked 
|  78|0x0000000086c00000, 0x0000000086c00000, 0x0000000086d00000|  0%| F|  |TAMS 0x0000000086c00000, 0x0000000086c00000| Untracked 
|  79|0x0000000086d00000, 0x0000000086d00000, 0x0000000086e00000|  0%| F|  |TAMS 0x0000000086d00000, 0x0000000086d00000| Untracked 
|  80|0x0000000086e00000, 0x0000000086e00000, 0x0000000086f00000|  0%| F|  |TAMS 0x0000000086e00000, 0x0000000086e00000| Untracked 
|  81|0x0000000086f00000, 0x0000000086f00000, 0x0000000087000000|  0%| F|  |TAMS 0x0000000086f00000, 0x0000000086f00000| Untracked 
|  82|0x0000000087000000, 0x0000000087000000, 0x0000000087100000|  0%| F|  |TAMS 0x0000000087000000, 0x0000000087000000| Untracked 
|  83|0x0000000087100000, 0x0000000087100000, 0x0000000087200000|  0%| F|  |TAMS 0x0000000087100000, 0x0000000087100000| Untracked 
|  84|0x0000000087200000, 0x0000000087200000, 0x0000000087300000|  0%| F|  |TAMS 0x0000000087200000, 0x0000000087200000| Untracked 
|  85|0x0000000087300000, 0x0000000087300000, 0x0000000087400000|  0%| F|  |TAMS 0x0000000087300000, 0x0000000087300000| Untracked 
|  86|0x0000000087400000, 0x0000000087400000, 0x0000000087500000|  0%| F|  |TAMS 0x0000000087400000, 0x0000000087400000| Untracked 
|  87|0x0000000087500000, 0x0000000087500000, 0x0000000087600000|  0%| F|  |TAMS 0x0000000087500000, 0x0000000087500000| Untracked 
|  88|0x0000000087600000, 0x0000000087600000, 0x0000000087700000|  0%| F|  |TAMS 0x0000000087600000, 0x0000000087600000| Untracked 
|  89|0x0000000087700000, 0x0000000087700000, 0x0000000087800000|  0%| F|  |TAMS 0x0000000087700000, 0x0000000087700000| Untracked 
|  90|0x0000000087800000, 0x0000000087800000, 0x0000000087900000|  0%| F|  |TAMS 0x0000000087800000, 0x0000000087800000| Untracked 
|  91|0x0000000087900000, 0x0000000087900000, 0x0000000087a00000|  0%| F|  |TAMS 0x0000000087900000, 0x0000000087900000| Untracked 
|  92|0x0000000087a00000, 0x0000000087a00000, 0x0000000087b00000|  0%| F|  |TAMS 0x0000000087a00000, 0x0000000087a00000| Untracked 
|  93|0x0000000087b00000, 0x0000000087b00000, 0x0000000087c00000|  0%| F|  |TAMS 0x0000000087b00000, 0x0000000087b00000| Untracked 
|  94|0x0000000087c00000, 0x0000000087c00000, 0x0000000087d00000|  0%| F|  |TAMS 0x0000000087c00000, 0x0000000087c00000| Untracked 
|  95|0x0000000087d00000, 0x0000000087d00000, 0x0000000087e00000|  0%| F|  |TAMS 0x0000000087d00000, 0x0000000087d00000| Untracked 
|  96|0x0000000087e00000, 0x0000000087e00000, 0x0000000087f00000|  0%| F|  |TAMS 0x0000000087e00000, 0x0000000087e00000| Untracked 
|  97|0x0000000087f00000, 0x0000000087f00000, 0x0000000088000000|  0%| F|  |TAMS 0x0000000087f00000, 0x0000000087f00000| Untracked 
|  98|0x0000000088000000, 0x0000000088000000, 0x0000000088100000|  0%| F|  |TAMS 0x0000000088000000, 0x0000000088000000| Untracked 
|  99|0x0000000088100000, 0x0000000088100000, 0x0000000088200000|  0%| F|  |TAMS 0x0000000088100000, 0x0000000088100000| Untracked 
| 100|0x0000000088200000, 0x0000000088200000, 0x0000000088300000|  0%| F|  |TAMS 0x0000000088200000, 0x0000000088200000| Untracked 
| 101|0x0000000088300000, 0x0000000088300000, 0x0000000088400000|  0%| F|  |TAMS 0x0000000088300000, 0x0000000088300000| Untracked 
| 102|0x0000000088400000, 0x0000000088400000, 0x0000000088500000|  0%| F|  |TAMS 0x0000000088400000, 0x0000000088400000| Untracked 
| 103|0x0000000088500000, 0x0000000088500000, 0x0000000088600000|  0%| F|  |TAMS 0x0000000088500000, 0x0000000088500000| Untracked 
| 104|0x0000000088600000, 0x0000000088600000, 0x0000000088700000|  0%| F|  |TAMS 0x0000000088600000, 0x0000000088600000| Untracked 
| 105|0x0000000088700000, 0x0000000088700000, 0x0000000088800000|  0%| F|  |TAMS 0x0000000088700000, 0x0000000088700000| Untracked 
| 106|0x0000000088800000, 0x0000000088800000, 0x0000000088900000|  0%| F|  |TAMS 0x0000000088800000, 0x0000000088800000| Untracked 
| 107|0x0000000088900000, 0x0000000088900000, 0x0000000088a00000|  0%| F|  |TAMS 0x0000000088900000, 0x0000000088900000| Untracked 
| 108|0x0000000088a00000, 0x0000000088a00000, 0x0000000088b00000|  0%| F|  |TAMS 0x0000000088a00000, 0x0000000088a00000| Untracked 
| 109|0x0000000088b00000, 0x0000000088b00000, 0x0000000088c00000|  0%| F|  |TAMS 0x0000000088b00000, 0x0000000088b00000| Untracked 
| 110|0x0000000088c00000, 0x0000000088c00000, 0x0000000088d00000|  0%| F|  |TAMS 0x0000000088c00000, 0x0000000088c00000| Untracked 
| 111|0x0000000088d00000, 0x0000000088d00000, 0x0000000088e00000|  0%| F|  |TAMS 0x0000000088d00000, 0x0000000088d00000| Untracked 
| 112|0x0000000088e00000, 0x0000000088e00000, 0x0000000088f00000|  0%| F|  |TAMS 0x0000000088e00000, 0x0000000088e00000| Untracked 
| 113|0x0000000088f00000, 0x0000000088f00000, 0x0000000089000000|  0%| F|  |TAMS 0x0000000088f00000, 0x0000000088f00000| Untracked 
| 114|0x0000000089000000, 0x000000008907c2f0, 0x0000000089100000| 48%| E|  |TAMS 0x0000000089000000, 0x0000000089000000| Complete 
| 115|0x0000000089100000, 0x0000000089200000, 0x0000000089200000|100%| E|CS|TAMS 0x0000000089100000, 0x0000000089100000| Complete 
| 116|0x0000000089200000, 0x0000000089300000, 0x0000000089300000|100%| E|CS|TAMS 0x0000000089200000, 0x0000000089200000| Complete 
| 117|0x0000000089300000, 0x0000000089400000, 0x0000000089400000|100%| E|CS|TAMS 0x0000000089300000, 0x0000000089300000| Complete 
| 118|0x0000000089400000, 0x0000000089500000, 0x0000000089500000|100%| E|CS|TAMS 0x0000000089400000, 0x0000000089400000| Complete 
| 119|0x0000000089500000, 0x0000000089600000, 0x0000000089600000|100%| E|CS|TAMS 0x0000000089500000, 0x0000000089500000| Complete 
| 120|0x0000000089600000, 0x0000000089700000, 0x0000000089700000|100%| E|CS|TAMS 0x0000000089600000, 0x0000000089600000| Complete 
| 121|0x0000000089700000, 0x0000000089800000, 0x0000000089800000|100%| E|  |TAMS 0x0000000089700000, 0x0000000089700000| Complete 
| 122|0x0000000089800000, 0x0000000089900000, 0x0000000089900000|100%| E|CS|TAMS 0x0000000089800000, 0x0000000089800000| Complete 
| 123|0x0000000089900000, 0x0000000089a00000, 0x0000000089a00000|100%| E|CS|TAMS 0x0000000089900000, 0x0000000089900000| Complete 
| 124|0x0000000089a00000, 0x0000000089b00000, 0x0000000089b00000|100%| E|CS|TAMS 0x0000000089a00000, 0x0000000089a00000| Complete 
| 125|0x0000000089b00000, 0x0000000089c00000, 0x0000000089c00000|100%| E|CS|TAMS 0x0000000089b00000, 0x0000000089b00000| Complete 
| 126|0x0000000089c00000, 0x0000000089d00000, 0x0000000089d00000|100%| E|CS|TAMS 0x0000000089c00000, 0x0000000089c00000| Complete 
| 127|0x0000000089d00000, 0x0000000089e00000, 0x0000000089e00000|100%| E|CS|TAMS 0x0000000089d00000, 0x0000000089d00000| Complete 

Card table byte_map: [0x000001ef7f580000,0x000001ef7f980000] _byte_map_base: 0x000001ef7f171000

Marking Bits (Prev, Next): (CMBitMap*) 0x000001ef7b801140, (CMBitMap*) 0x000001ef7b801180
 Prev Bits: [0x000001ef0f000000, 0x000001ef10f88000)
 Next Bits: [0x000001ef10f90000, 0x000001ef12f18000)

Polling page: 0x000001ef795e0000

Metaspace:

Usage:
  Non-class:      9.71 MB used.
      Class:   1020.39 KB used.
       Both:     10.70 MB used.

Virtual space:
  Non-class space:       16.00 MB reserved,       9.75 MB ( 61%) committed,  2 nodes.
      Class space:        1.00 GB reserved,       1.06 MB ( <1%) committed,  1 nodes.
             Both:        1.02 GB reserved,      10.81 MB (  1%) committed. 

Chunk freelists:
   Non-Class:  2.14 MB
       Class:  2.75 MB
        Both:  4.89 MB

MaxMetaspaceSize: unlimited
CompressedClassSpaceSize: 1.00 GB
Initial GC threshold: 21.00 MB
Current GC threshold: 21.00 MB
CDS: off
MetaspaceReclaimPolicy: balanced
 - commit_granule_bytes: 65536.
 - commit_granule_words: 8192.
 - virtual_space_node_default_size: 1048576.
 - enlarge_chunks_in_place: 1.
 - new_chunks_are_fully_committed: 0.
 - uncommit_free_chunks: 1.
 - use_allocation_guard: 0.
 - handle_deallocations: 1.


Internal statistics:

num_allocs_failed_limit: 0.
num_arena_births: 42.
num_arena_deaths: 0.
num_vsnodes_births: 3.
num_vsnodes_deaths: 0.
num_space_committed: 173.
num_space_uncommitted: 0.
num_chunks_returned_to_freelist: 0.
num_chunks_taken_from_freelist: 115.
num_chunk_merges: 0.
num_chunk_splits: 62.
num_chunks_enlarged: 36.
num_purges: 0.
num_inconsistent_stats: 0.

CodeHeap 'non-profiled nmethods': size=120000Kb used=248Kb max_used=248Kb free=119751Kb
 bounds [0x000001ef07ad0000, 0x000001ef07d40000, 0x000001ef0f000000]
CodeHeap 'profiled nmethods': size=120000Kb used=1348Kb max_used=1348Kb free=118651Kb
 bounds [0x000001ef005a0000, 0x000001ef00810000, 0x000001ef07ad0000]
CodeHeap 'non-nmethods': size=5760Kb used=1145Kb max_used=1159Kb free=4614Kb
 bounds [0x000001ef00000000, 0x000001ef00270000, 0x000001ef005a0000]
 total_blobs=1196 nmethods=763 adapters=346
 compilation: enabled
              stopped_count=0, restarted_count=0
 full_count=0

Compilation events (20 events):
Event: 0.967 Thread 0x000001ef160529d0  753       3       java.util.Locale::getLanguage (8 bytes)
Event: 0.967 Thread 0x000001ef160529d0 nmethod 753 0x000001ef006e8610 code [0x000001ef006e87a0, 0x000001ef006e88d8]
Event: 0.967 Thread 0x000001ef160529d0  754       3       java.util.concurrent.ConcurrentHashMap::put (8 bytes)
Event: 0.967 Thread 0x000001ef160529d0 nmethod 754 0x000001ef006e8990 code [0x000001ef006e8b20, 0x000001ef006e8c68]
Event: 0.969 Thread 0x000001ef160529d0  755       1       sun.security.util.KnownOIDs::registerNames (2 bytes)
Event: 0.969 Thread 0x000001ef16a670c0  756       4       java.lang.String::<init> (15 bytes)
Event: 0.969 Thread 0x000001ef160529d0 nmethod 755 0x000001ef07b0d510 code [0x000001ef07b0d6a0, 0x000001ef07b0d778]
Event: 0.969 Thread 0x000001ef160529d0  757       3       java.lang.StringLatin1::toUpperCase (186 bytes)
Event: 0.970 Thread 0x000001ef160529d0 nmethod 757 0x000001ef006e8d10 code [0x000001ef006e8f80, 0x000001ef006e9ab8]
Event: 0.971 Thread 0x000001ef160529d0  758       3       java.lang.String::toUpperCase (29 bytes)
Event: 0.971 Thread 0x000001ef16a670c0 nmethod 756 0x000001ef07b0d810 code [0x000001ef07b0d980, 0x000001ef07b0dad8]
Event: 0.972 Thread 0x000001ef160529d0 nmethod 758 0x000001ef006e9e90 code [0x000001ef006ea060, 0x000001ef006ea318]
Event: 0.972 Thread 0x000001ef160529d0  760       3       sun.security.util.KnownOIDs::register (349 bytes)
Event: 0.974 Thread 0x000001ef16a670c0  762       4       java.lang.CharacterDataLatin1::toUpperCaseEx (71 bytes)
Event: 0.976 Thread 0x000001ef16a670c0 nmethod 762 0x000001ef07b0db90 code [0x000001ef07b0dd00, 0x000001ef07b0ddf8]
Event: 0.979 Thread 0x000001ef160529d0 nmethod 760 0x000001ef006ea410 code [0x000001ef006ead20, 0x000001ef006ef298]
Event: 0.979 Thread 0x000001ef160529d0  761       3       java.util.HashSet::add (20 bytes)
Event: 0.979 Thread 0x000001ef160529d0 nmethod 761 0x000001ef006f0b10 code [0x000001ef006f0cc0, 0x000001ef006f0ee8]
Event: 0.979 Thread 0x000001ef160529d0  759       3       java.util.Objects::nonNull (10 bytes)
Event: 0.979 Thread 0x000001ef160529d0 nmethod 759 0x000001ef006f0f90 code [0x000001ef006f1120, 0x000001ef006f1278]

GC Heap History (0 events):
No events

Dll operation events (5 events):
Event: 0.015 Loaded shared library C:\Users\karthickk\.p2\pool\plugins\org.eclipse.justj.openjdk.hotspot.jre.full.win32.x86_64_17.0.5.v20221102-0933\jre\bin\java.dll
Event: 0.343 Loaded shared library C:\Users\karthickk\.p2\pool\plugins\org.eclipse.justj.openjdk.hotspot.jre.full.win32.x86_64_17.0.5.v20221102-0933\jre\bin\net.dll
Event: 0.347 Loaded shared library C:\Users\karthickk\.p2\pool\plugins\org.eclipse.justj.openjdk.hotspot.jre.full.win32.x86_64_17.0.5.v20221102-0933\jre\bin\nio.dll
Event: 0.360 Loaded shared library C:\Users\karthickk\.p2\pool\plugins\org.eclipse.justj.openjdk.hotspot.jre.full.win32.x86_64_17.0.5.v20221102-0933\jre\bin\zip.dll
Event: 0.526 Loaded shared library C:\Users\karthickk\.p2\pool\plugins\org.eclipse.justj.openjdk.hotspot.jre.full.win32.x86_64_17.0.5.v20221102-0933\jre\bin\jimage.dll

Deoptimization events (20 events):
Event: 0.389 Thread 0x000001ef7b7a76b0 DEOPT PACKING pc=0x000001ef005beb0c sp=0x0000002a843fa7d0
Event: 0.389 Thread 0x000001ef7b7a76b0 DEOPT UNPACKING pc=0x000001ef00052b43 sp=0x0000002a843f9c60 mode 0
Event: 0.389 Thread 0x000001ef7b7a76b0 DEOPT PACKING pc=0x000001ef005beb0c sp=0x0000002a843fa7d0
Event: 0.389 Thread 0x000001ef7b7a76b0 DEOPT UNPACKING pc=0x000001ef00052b43 sp=0x0000002a843f9c60 mode 0
Event: 0.389 Thread 0x000001ef7b7a76b0 DEOPT PACKING pc=0x000001ef005beb0c sp=0x0000002a843fa7d0
Event: 0.389 Thread 0x000001ef7b7a76b0 DEOPT UNPACKING pc=0x000001ef00052b43 sp=0x0000002a843f9c60 mode 0
Event: 0.403 Thread 0x000001ef7b7a76b0 DEOPT PACKING pc=0x000001ef005a74d1 sp=0x0000002a843fb300
Event: 0.403 Thread 0x000001ef7b7a76b0 DEOPT UNPACKING pc=0x000001ef00052b43 sp=0x0000002a843fa778 mode 0
Event: 0.535 Thread 0x000001ef7b7a76b0 Uncommon trap: trap_request=0xffffff45 fr.pc=0x000001ef07ae3a00 relative=0x0000000000000260
Event: 0.535 Thread 0x000001ef7b7a76b0 Uncommon trap: reason=unstable_if action=reinterpret pc=0x000001ef07ae3a00 method=java.lang.String.startsWith(Ljava/lang/String;I)Z @ 1 c2
Event: 0.535 Thread 0x000001ef7b7a76b0 DEOPT PACKING pc=0x000001ef07ae3a00 sp=0x0000002a843feac0
Event: 0.535 Thread 0x000001ef7b7a76b0 DEOPT UNPACKING pc=0x000001ef000523a3 sp=0x0000002a843fea28 mode 2
Event: 0.660 Thread 0x000001ef7b7a76b0 DEOPT PACKING pc=0x000001ef0064fcd4 sp=0x0000002a843fe860
Event: 0.660 Thread 0x000001ef7b7a76b0 DEOPT UNPACKING pc=0x000001ef00052b43 sp=0x0000002a843fdd10 mode 0
Event: 0.673 Thread 0x000001ef7b7a76b0 DEOPT PACKING pc=0x000001ef00621d56 sp=0x0000002a843fe470
Event: 0.673 Thread 0x000001ef7b7a76b0 DEOPT UNPACKING pc=0x000001ef00052b43 sp=0x0000002a843fd910 mode 0
Event: 0.713 Thread 0x000001ef7b7a76b0 DEOPT PACKING pc=0x000001ef005ab7e5 sp=0x0000002a843fe240
Event: 0.713 Thread 0x000001ef7b7a76b0 DEOPT UNPACKING pc=0x000001ef00052b43 sp=0x0000002a843fd690 mode 0
Event: 0.759 Thread 0x000001ef7b7a76b0 DEOPT PACKING pc=0x000001ef005ad13e sp=0x0000002a843fe5c0
Event: 0.759 Thread 0x000001ef7b7a76b0 DEOPT UNPACKING pc=0x000001ef00052b43 sp=0x0000002a843fda38 mode 0

Classes unloaded (0 events):
No events

Classes redefined (0 events):
No events

Internal exceptions (4 events):
Event: 0.737 Thread 0x000001ef7b7a76b0 Exception <a 'java/lang/NoSuchMethodError'{0x000000008921eaa8}: 'int java.lang.invoke.DirectMethodHandle$Holder.invokeStaticInit(java.lang.Object, java.lang.Object)'> (0x000000008921eaa8) 
thrown [s\src\hotspot\share\interpreter\linkResolver.cpp, line 759]
Event: 0.787 Thread 0x000001ef7b7a76b0 Exception <a 'java/lang/NoSuchMethodError'{0x00000000892a2c10}: 'java.lang.Object java.lang.invoke.DirectMethodHandle$Holder.invokeStaticInit(java.lang.Object)'> (0x00000000892a2c10) 
thrown [s\src\hotspot\share\interpreter\linkResolver.cpp, line 759]
Event: 0.824 Thread 0x000001ef7b7a76b0 Exception <a 'java/lang/NoSuchMethodError'{0x00000000892be768}: 'void java.lang.invoke.DirectMethodHandle$Holder.invokeStatic(java.lang.Object, java.lang.Object)'> (0x00000000892be768) 
thrown [s\src\hotspot\share\interpreter\linkResolver.cpp, line 759]
Event: 0.882 Thread 0x000001ef7b7a76b0 Exception <a 'java/lang/ClassNotFoundException'{0x0000000089186aa0}: com/sun/org/apache/xerces/internal/impl/msg/spi/SAXMessagesProvider> (0x0000000089186aa0) 
thrown [s\src\hotspot\share\classfile\systemDictionary.cpp, line 256]

VM Operations (8 events):
Event: 0.362 Executing VM operation: HandshakeAllThreads
Event: 0.362 Executing VM operation: HandshakeAllThreads done
Event: 0.680 Executing VM operation: HandshakeAllThreads
Event: 0.680 Executing VM operation: HandshakeAllThreads done
Event: 0.781 Executing VM operation: HandshakeAllThreads
Event: 0.781 Executing VM operation: HandshakeAllThreads done
Event: 0.800 Executing VM operation: HandshakeAllThreads
Event: 0.800 Executing VM operation: HandshakeAllThreads done

Events (20 events):
Event: 0.975 loading class sun/security/provider/DRBG
Event: 0.976 loading class java/security/SecureRandomSpi
Event: 0.976 loading class java/security/SecureRandomSpi done
Event: 0.976 loading class sun/security/provider/DRBG done
Event: 0.977 loading class java/security/DrbgParameters$Capability
Event: 0.978 loading class java/security/DrbgParameters$Capability done
Event: 0.979 loading class sun/security/provider/MoreDrbgParameters
Event: 0.979 loading class sun/security/provider/MoreDrbgParameters done
Event: 0.979 loading class java/security/DrbgParameters
Event: 0.979 loading class java/security/DrbgParameters done
Event: 0.979 loading class java/security/DrbgParameters$Instantiation
Event: 0.979 loading class java/security/DrbgParameters$Instantiation done
Event: 0.979 loading class sun/security/provider/HashDrbg
Event: 0.979 loading class sun/security/provider/AbstractHashDrbg
Event: 0.981 loading class sun/security/provider/AbstractDrbg
Event: 0.981 loading class sun/security/provider/AbstractDrbg done
Event: 0.981 loading class sun/security/provider/AbstractHashDrbg done
Event: 0.981 loading class sun/security/provider/HashDrbg done
Event: 0.982 loading class sun/security/provider/EntropySource
Event: 0.982 loading class sun/security/provider/EntropySource done


Dynamic libraries:
0x00007ff6f2270000 - 0x00007ff6f227e000 	C:\Users\karthickk\.p2\pool\plugins\org.eclipse.justj.openjdk.hotspot.jre.full.win32.x86_64_17.0.5.v20221102-0933\jre\bin\javaw.exe
0x00007fff545f0000 - 0x00007fff547e8000 	C:\WINDOWS\SYSTEM32\ntdll.dll
0x00007fff53fc0000 - 0x00007fff5407d000 	C:\WINDOWS\System32\KERNEL32.DLL
0x00007fff52030000 - 0x00007fff52326000 	C:\WINDOWS\System32\KERNELBASE.dll
0x00007fff51f30000 - 0x00007fff52030000 	C:\WINDOWS\System32\ucrtbase.dll
0x00007fff46290000 - 0x00007fff462a9000 	C:\Users\karthickk\.p2\pool\plugins\org.eclipse.justj.openjdk.hotspot.jre.full.win32.x86_64_17.0.5.v20221102-0933\jre\bin\VCRUNTIME140.dll
0x00007fff46270000 - 0x00007fff46287000 	C:\Users\karthickk\.p2\pool\plugins\org.eclipse.justj.openjdk.hotspot.jre.full.win32.x86_64_17.0.5.v20221102-0933\jre\bin\jli.dll
0x00007fff54200000 - 0x00007fff5439f000 	C:\WINDOWS\System32\USER32.dll
0x00007fff523e0000 - 0x00007fff52402000 	C:\WINDOWS\System32\win32u.dll
0x00007fff53f30000 - 0x00007fff53f5b000 	C:\WINDOWS\System32\GDI32.dll
0x00007fff51cb0000 - 0x00007fff51dc7000 	C:\WINDOWS\System32\gdi32full.dll
0x00007fff435c0000 - 0x00007fff4385a000 	C:\WINDOWS\WinSxS\amd64_microsoft.windows.common-controls_6595b64144ccf1df_6.0.19041.4355_none_60b8b9eb71f62e16\COMCTL32.dll
0x00007fff52590000 - 0x00007fff5262d000 	C:\WINDOWS\System32\msvcp_win.dll
0x00007fff52890000 - 0x00007fff5292e000 	C:\WINDOWS\System32\msvcrt.dll
0x00007fff541b0000 - 0x00007fff541df000 	C:\WINDOWS\System32\IMM32.DLL
0x00007fff47460000 - 0x00007fff4746c000 	C:\Users\karthickk\.p2\pool\plugins\org.eclipse.justj.openjdk.hotspot.jre.full.win32.x86_64_17.0.5.v20221102-0933\jre\bin\vcruntime140_1.dll
0x00007fff2ea40000 - 0x00007fff2ead1000 	C:\Users\karthickk\.p2\pool\plugins\org.eclipse.justj.openjdk.hotspot.jre.full.win32.x86_64_17.0.5.v20221102-0933\jre\bin\msvcp140.dll
0x00007ffef2d60000 - 0x00007ffef39a4000 	C:\Users\karthickk\.p2\pool\plugins\org.eclipse.justj.openjdk.hotspot.jre.full.win32.x86_64_17.0.5.v20221102-0933\jre\bin\server\jvm.dll
0x00007fff52930000 - 0x00007fff529e0000 	C:\WINDOWS\System32\ADVAPI32.dll
0x00007fff52630000 - 0x00007fff526d0000 	C:\WINDOWS\System32\sechost.dll
0x00007fff52a60000 - 0x00007fff52b83000 	C:\WINDOWS\System32\RPCRT4.dll
0x00007fff52560000 - 0x00007fff52587000 	C:\WINDOWS\System32\bcrypt.dll
0x00007fff3d080000 - 0x00007fff3d0a7000 	C:\WINDOWS\SYSTEM32\WINMM.dll
0x00007fff2eae0000 - 0x00007fff2eae9000 	C:\WINDOWS\SYSTEM32\WSOCK32.dll
0x00007fff4c6e0000 - 0x00007fff4c6ea000 	C:\WINDOWS\SYSTEM32\VERSION.dll
0x00007fff53e00000 - 0x00007fff53e6b000 	C:\WINDOWS\System32\WS2_32.dll
0x00007fff502a0000 - 0x00007fff502b2000 	C:\WINDOWS\SYSTEM32\kernel.appcore.dll
0x00007fff4d490000 - 0x00007fff4d49a000 	C:\Users\karthickk\.p2\pool\plugins\org.eclipse.justj.openjdk.hotspot.jre.full.win32.x86_64_17.0.5.v20221102-0933\jre\bin\jimage.dll
0x00007fff4f7f0000 - 0x00007fff4f9d4000 	C:\WINDOWS\SYSTEM32\DBGHELP.DLL
0x00007fff37af0000 - 0x00007fff37b24000 	C:\WINDOWS\SYSTEM32\dbgcore.DLL
0x00007fff52460000 - 0x00007fff524e2000 	C:\WINDOWS\System32\bcryptPrimitives.dll
0x00007fff473e0000 - 0x00007fff47405000 	C:\Users\karthickk\.p2\pool\plugins\org.eclipse.justj.openjdk.hotspot.jre.full.win32.x86_64_17.0.5.v20221102-0933\jre\bin\java.dll
0x00007fff476c0000 - 0x00007fff476d8000 	C:\Users\karthickk\.p2\pool\plugins\org.eclipse.justj.openjdk.hotspot.jre.full.win32.x86_64_17.0.5.v20221102-0933\jre\bin\zip.dll
0x00007fff535b0000 - 0x00007fff53d1c000 	C:\WINDOWS\System32\SHELL32.dll
0x00007fff4f9e0000 - 0x00007fff5017d000 	C:\WINDOWS\SYSTEM32\windows.storage.dll
0x00007fff53240000 - 0x00007fff53593000 	C:\WINDOWS\System32\combase.dll
0x00007fff51600000 - 0x00007fff5162e000 	C:\WINDOWS\SYSTEM32\Wldp.dll
0x00007fff52bf0000 - 0x00007fff52cbd000 	C:\WINDOWS\System32\OLEAUT32.dll
0x00007fff52cc0000 - 0x00007fff52d6d000 	C:\WINDOWS\System32\SHCORE.dll
0x00007fff52d70000 - 0x00007fff52dc5000 	C:\WINDOWS\System32\shlwapi.dll
0x00007fff51be0000 - 0x00007fff51c04000 	C:\WINDOWS\SYSTEM32\profapi.dll
0x00007fff3d0b0000 - 0x00007fff3d0c9000 	C:\Users\karthickk\.p2\pool\plugins\org.eclipse.justj.openjdk.hotspot.jre.full.win32.x86_64_17.0.5.v20221102-0933\jre\bin\net.dll
0x00007fff4a8c0000 - 0x00007fff4a9ca000 	C:\WINDOWS\SYSTEM32\WINHTTP.dll
0x00007fff51360000 - 0x00007fff513ca000 	C:\WINDOWS\system32\mswsock.dll
0x00007fff38c10000 - 0x00007fff38c25000 	C:\Users\karthickk\.p2\pool\plugins\org.eclipse.justj.openjdk.hotspot.jre.full.win32.x86_64_17.0.5.v20221102-0933\jre\bin\nio.dll
0x00007fff51080000 - 0x00007fff5114a000 	C:\WINDOWS\SYSTEM32\DNSAPI.dll
0x00007fff51040000 - 0x00007fff5107b000 	C:\WINDOWS\SYSTEM32\IPHLPAPI.DLL
0x00007fff54080000 - 0x00007fff54088000 	C:\WINDOWS\System32\NSI.dll
0x00007fff49fc0000 - 0x00007fff49fca000 	C:\Windows\System32\rasadhlp.dll
0x00007fff4dc00000 - 0x00007fff4dc80000 	C:\WINDOWS\System32\fwpuclnt.dll

dbghelp: loaded successfully - version: 4.0.5 - missing functions: none
symbol engine: initialized successfully - sym options: 0x614 - pdb path: .;C:\Users\karthickk\.p2\pool\plugins\org.eclipse.justj.openjdk.hotspot.jre.full.win32.x86_64_17.0.5.v20221102-0933\jre\bin;C:\WINDOWS\SYSTEM32;C:\WINDOWS\WinSxS\amd64_microsoft.windows.common-controls_6595b64144ccf1df_6.0.19041.4355_none_60b8b9eb71f62e16;C:\Users\karthickk\.p2\pool\plugins\org.eclipse.justj.openjdk.hotspot.jre.full.win32.x86_64_17.0.5.v20221102-0933\jre\bin\server

VM Arguments:
jvm_args: -ea -Dfile.encoding=UTF-8 -XX:+ShowCodeDetailsInExceptionMessages 
java_command: org.testng.remote.RemoteTestNG -serport 55897 -protocol json -d C:\Users\karthickk\git\Acix_Automation\test-output C:\Users\KARTHI~1\AppData\Local\Temp\testng-eclipse--625388888\testng-customsuite.xml
java_class_path (initial): C:\Users\karthickk\eclipse\jee-2022-12\eclipse\configuration\org.eclipse.osgi\922\0\.cp\lib\testng-remote.jar;C:\Users\karthickk\git\Acix_Automation\target\test-classes;C:\Users\karthickk\git\Acix_Automation\target\classes;C:\Users\karthickk\.m2\repository\commons-io\commons-io\2.6\commons-io-2.6.jar;C:\Users\karthickk\.m2\repository\com\aventstack\extentreports\4.1.4\extentreports-4.1.4.jar;C:\Users\karthickk\.m2\repository\org\freemarker\freemarker\2.3.29\freemarker-2.3.29.jar;C:\Users\karthickk\.m2\repository\org\apache\httpcomponents\httpclient\4.5.2\httpclient-4.5.2.jar;C:\Users\karthickk\.m2\repository\org\apache\httpcomponents\httpcore\4.4.4\httpcore-4.4.4.jar;C:\Users\karthickk\.m2\repository\commons-logging\commons-logging\1.2\commons-logging-1.2.jar;C:\Users\karthickk\.m2\repository\org\apache\httpcomponents\httpmime\4.5.2\httpmime-4.5.2.jar;C:\Users\karthickk\.m2\repository\com\google\code\gson\gson\2.8.6\gson-2.8.6.jar;C:\Users\karthickk\.m2\repository\org\mongodb\mongodb-driver\3.12.0\mongodb-driver-3.12.0.jar;C:\Users\karthickk\.m2\repository\org\mongodb\mongodb-driver-core\3.12.0\mongodb-driver-core-3.12.0.jar;C:\Users\karthickk\.m2\repository\org\mongodb\bson\3.12.0\bson-3.12.0.jar;C:\Users\karthickk\.m2\repository\org\testng\testng\7.3.0\testng-7.3.0.jar;C:\Users\karthickk\.m2\repository\com\beust\jcommander\1.78\jcommander-1.78.jar;C:\Users\karthickk\.m2\repository\org\apache\ant\ant\1.10.3\ant-1.10.3.jar;C:\Users\karthickk\.m2\repository\org\apache\ant\ant-launcher\1.10.3\ant-launcher-1.10.3.jar;C:\Users\karthickk\.m2\repository\junit\junit\4.12\junit-4.12.jar;C:\Users\karthickk\.m2\repository\org\hamcrest\hamcrest-core\1.3\hamcrest-core-1.3.jar;C:\Users\karthickk\.m2\repository\com\google\inject\guice\4.2.2\guice-4.2.2-no_aop.jar;C:\Users\karthickk\.m2\repository\javax\inject\javax.inject\1\javax.inject-1.jar;C:\Users\karthickk\.m2\repository\aopalliance\aopalliance\1.0\aopalliance-1.0.jar;C:\Users\karthickk\.m2\repos
Launcher Type: SUN_STANDARD

[Global flags]
     intx CICompilerCount                          = 4                                         {product} {ergonomic}
     uint ConcGCThreads                            = 2                                         {product} {ergonomic}
     uint G1ConcRefinementThreads                  = 8                                         {product} {ergonomic}
   size_t G1HeapRegionSize                         = 1048576                                   {product} {ergonomic}
    uintx GCDrainStackTargetSize                   = 64                                        {product} {ergonomic}
   size_t InitialHeapSize                          = 134217728                                 {product} {ergonomic}
   size_t MarkStackSize                            = 4194304                                   {product} {ergonomic}
   size_t MaxHeapSize                              = 2116026368                                {product} {ergonomic}
   size_t MaxNewSize                               = 1268776960                                {product} {ergonomic}
   size_t MinHeapDeltaBytes                        = 1048576                                   {product} {ergonomic}
   size_t MinHeapSize                              = 8388608                                   {product} {ergonomic}
    uintx NonNMethodCodeHeapSize                   = 5839372                                {pd product} {ergonomic}
    uintx NonProfiledCodeHeapSize                  = 122909434                              {pd product} {ergonomic}
    uintx ProfiledCodeHeapSize                     = 122909434                              {pd product} {ergonomic}
    uintx ReservedCodeCacheSize                    = 251658240                              {pd product} {ergonomic}
     bool SegmentedCodeCache                       = true                                      {product} {ergonomic}
     bool ShowCodeDetailsInExceptionMessages       = true                                   {manageable} {command line}
   size_t SoftMaxHeapSize                          = 2116026368                             {manageable} {ergonomic}
     bool UseCompressedClassPointers               = true                           {product lp64_product} {ergonomic}
     bool UseCompressedOops                        = true                           {product lp64_product} {ergonomic}
     bool UseG1GC                                  = true                                      {product} {ergonomic}
     bool UseLargePagesIndividualAllocation        = false                                  {pd product} {ergonomic}

Logging:
Log output configuration:
 #0: stdout all=warning uptime,level,tags
 #1: stderr all=off uptime,level,tags

Environment Variables:
PATH=C:/Users/karthickk/.p2/pool/plugins/org.eclipse.justj.openjdk.hotspot.jre.full.win32.x86_64_17.0.5.v20221102-0933/jre/bin/server;C:/Users/karthickk/.p2/pool/plugins/org.eclipse.justj.openjdk.hotspot.jre.full.win32.x86_64_17.0.5.v20221102-0933/jre/bin;C:\Program Files\Common Files\Oracle\Java\javapath;C:\WINDOWS\system32;C:\WINDOWS;C:\WINDOWS\System32\Wbem;C:\WINDOWS\System32\WindowsPowerShell\v1.0\;C:\WINDOWS\System32\OpenSSH\;C:\Program Files (x86)\Intel\Intel(R) Management Engine Components\DAL;C:\Program Files\Intel\Intel(R) Management Engine Components\DAL;C:\Program Files\Intel\WiFi\bin\;C:\Program Files\Common Files\Intel\WirelessCommon\;C:\Users\karthickk\AppData\Local\Microsoft\WindowsApps;C:\Users\karthickk\AppData\Local\Programs\Git\cmd;C:\Users\karthickk\AppData\Local\Programs\Microsoft VS Code\bin;C:\Users\karthickk\Desktop;
USERNAME=karthickk
OS=Windows_NT
PROCESSOR_IDENTIFIER=Intel64 Family 6 Model 142 Stepping 12, GenuineIntel
TMP=C:\Users\KARTHI~1\AppData\Local\Temp
TEMP=C:\Users\KARTHI~1\AppData\Local\Temp



---------------  S Y S T E M  ---------------

OS:
 Windows 10 , 64 bit Build 19041 (10.0.19041.3636)
OS uptime: 4 days 5:42 hours

CPU: total 8 (initial active 8) (4 cores per cpu, 2 threads per core) family 6 model 142 stepping 12 microcode 0xf8, cx8, cmov, fxsr, ht, mmx, 3dnowpref, sse, sse2, sse3, ssse3, sse4.1, sse4.2, popcnt, lzcnt, tsc, tscinvbit, avx, avx2, aes, erms, clmul, bmi1, bmi2, adx, fma, vzeroupper, clflush, clflushopt

Memory: 4k page, system-wide physical 8067M (468M free)
TotalPageFile size 22390M (AvailPageFile size 1M)
current process WorkingSet (physical memory assigned to process): 66M, peak: 66M
current process commit charge ("private bytes"): 220M, peak: 220M

vm_info: OpenJDK 64-Bit Server VM (17.0.5+8) for windows-amd64 JRE (17.0.5+8), built on Oct 19 2022 04:48:13 by "temurin" with MS VC++ 16.7 (VS2019)

END.
